Arguments: 
  C:\Program Files (x86)\nodejs\node.exe C:\Users\11\AppData\Roaming\npm\node_modules\yarn\bin\yarn.js

PATH: 
  C:\Program Files (x86)\Java\jdk1.8.0_333\bin;C:\Program Files (x86)\Java\jdk1.8.0_333\bin;C:\WINDOWS\system32;C:\WINDOWS;C:\WINDOWS\System32\Wbem;C:\WINDOWS\System32\WindowsPowerShell\v1.0\;C:\WINDOWS\System32\OpenSSH\;C:\Program Files\Git\cmd;C:\Users\11\AppData\Roaming\npm\node_modules;C:\Program Files (x86)\nodejs\;C:\Users\11\AppData\Local\Microsoft\WindowsApps;C:\Users\11\AppData\Local\Programs\Microsoft VS Code\bin;D:\Fiddler;C:\Users\11\AppData\Roaming\npm

Yarn version: 
  1.22.18

Node version: 
  14.20.0

Platform: 
  win32 ia32

Trace: 
  Error: ENOENT: no such file or directory, copyfile 'C:\Users\11\AppData\Local\Yarn\Cache\v6\npm-picocolors-1.0.0-cb5bdc74ff3f51892236eaf79d68bc44564ab81c-integrity\node_modules\picocolors\package.json' -> 'C:\Users\11\Desktop\vue3\project\node_modules\@vue\compiler-sfc\node_modules\picocolors\package.json'

npm manifest: 
  {
    "name": "project",
    "version": "0.0.0",
    "scripts": {
      "dev": "vite",
      "build": "vite build"
    },
    "dependencies": {
      "vue": "^3.0.4"
    },
    "devDependencies": {
      "vite": "^1.0.0-rc.13",
      "@vue/compiler-sfc": "^3.0.4"
    }
  }

yarn manifest: 
  No manifest

Lockfile: 
  No lockfile
